<?xml version="1.0" encoding="UTF-8"?>
<!-- Generated by org.testng.reporters.JUnitXMLReporter -->
<testsuite hostname="DESKTOP-FQJI2AJ" ignored="0" name="Test" tests="1" failures="1" timestamp="15 oct. 2019 09:55:47 GMT" time="0.186" errors="0">
  <testcase name="feature" time="0.0" classname="starter.testRunner.CucumberTestSuite">
    <failure type="org.testng.TestNGException" message="
Method public void starter.testRunner.CucumberTestSuite.feature(cucumber.api.testng.PickleEventWrapper,cucumber.api.testng.CucumberFeatureWrapper) throws java.lang.Throwable requires a @DataProvider named : features">
      <![CDATA[org.testng.TestNGException: 
Method public void starter.testRunner.CucumberTestSuite.feature(cucumber.api.testng.PickleEventWrapper,cucumber.api.testng.CucumberFeatureWrapper) throws java.lang.Throwable requires a @DataProvider named : features
... Removed 22 stack frames]]>
    </failure>
  </testcase> <!-- feature -->
</testsuite> <!-- Test -->
